# JRE version: OpenJDK Runtime Environment GraalVM CE 22.3.0 (17.0.5+8) (build 17.0.5+8-jvmci-22.3-b08)
# Java VM: OpenJDK 64-Bit Server VM GraalVM CE 22.3.0 (17.0.5+8-jvmci-22.3-b08, mixed mode, sharing, tiered, jvmci, jvmci compiler, compressed oops, compressed class ptrs, parallel gc, linux-amd64)
GC Precious Log:
 CPUs: 8 total, 1 available
 Memory: 1024M
 Large Page Support: Disabled
 NUMA Support: Disabled
 Compressed Oops: Enabled (32-bit)
 Alignments: Space 512K, Generation 512K, Heap 2M
 Heap Min Capacity: 100M
 Heap Initial Capacity: 100M
 Heap Max Capacity: 512M
 Pre-touch: Disabled
 Parallel Workers: 1
Heap:
 PSYoungGen      total 81408K, used 53759K [0x00000000f5580000, 0x00000000fc180000, 0x0000000100000000)
  eden space 53760K, 99% used [0x00000000f5580000,0x00000000f89ffff8,0x00000000f8a00000)
  from space 27648K, 0% used [0x00000000f8a00000,0x00000000f8a00000,0x00000000fa500000)
  to   space 23552K, 0% used [0x00000000fa680000,0x00000000fa680000,0x00000000fbd80000)
 ParOldGen       total 349696K, used 349695K [0x00000000e0000000, 0x00000000f5580000, 0x00000000f5580000)
  object space 349696K, 99% used [0x00000000e0000000,0x00000000f557fff8,0x00000000f5580000)
 Metaspace       used 61292K, committed 62208K, reserved 1105920K
  class space    used 5994K, committed 6400K, reserved 1048576K
GC Heap History (20 events):
Event: 835.374 GC heap before
{Heap before GC invocations=617 (full 494):
 PSYoungGen      total 81408K, used 53760K [0x00000000f5580000, 0x00000000fc180000, 0x0000000100000000)
  eden space 53760K, 100% used [0x00000000f5580000,0x00000000f8a00000,0x00000000f8a00000)
  from space 27648K, 0% used [0x00000000f8a00000,0x00000000f8a00000,0x00000000fa500000)
  to   space 23552K, 0% used [0x00000000fa680000,0x00000000fa680000,0x00000000fbd80000)
 ParOldGen       total 349696K, used 349693K [0x00000000e0000000, 0x00000000f5580000, 0x00000000f5580000)
  object space 349696K, 99% used [0x00000000e0000000,0x00000000f557f760,0x00000000f5580000)
 Metaspace       used 61291K, committed 62208K, reserved 1105920K
  class space    used 5993K, committed 6400K, reserved 1048576K
}
Event: 836.860 GC heap after
{Heap after GC invocations=617 (full 494):
 PSYoungGen      total 77312K, used 53759K [0x00000000f5580000, 0x00000000fc180000, 0x0000000100000000)
  eden space 53760K, 99% used [0x00000000f5580000,0x00000000f89ffd60,0x00000000f8a00000)
  from space 23552K, 0% used [0x00000000fa680000,0x00000000fa680000,0x00000000fbd80000)
  to   space 27648K, 0% used [0x00000000f8a00000,0x00000000f8a00000,0x00000000fa500000)
 ParOldGen       total 349696K, used 349693K [0x00000000e0000000, 0x00000000f5580000, 0x00000000f5580000)
  object space 349696K, 99% used [0x00000000e0000000,0x00000000f557f760,0x00000000f5580000)
 Metaspace       used 61291K, committed 62208K, reserved 1105920K
  class space    used 5993K, committed 6400K, reserved 1048576K
}
Event: 836.861 GC heap before
{Heap before GC invocations=618 (full 495):
 PSYoungGen      total 77312K, used 53759K [0x00000000f5580000, 0x00000000fc180000, 0x0000000100000000)
  eden space 53760K, 99% used [0x00000000f5580000,0x00000000f89fff68,0x00000000f8a00000)
  from space 23552K, 0% used [0x00000000fa680000,0x00000000fa680000,0x00000000fbd80000)
  to   space 27648K, 0% used [0x00000000f8a00000,0x00000000f8a00000,0x00000000fa500000)
 ParOldGen       total 349696K, used 349693K [0x00000000e0000000, 0x00000000f5580000, 0x00000000f5580000)
  object space 349696K, 99% used [0x00000000e0000000,0x00000000f557f760,0x00000000f5580000)
 Metaspace       used 61291K, committed 62208K, reserved 1105920K
  class space    used 5993K, committed 6400K, reserved 1048576K
}
Event: 838.298 GC heap after
{Heap after GC invocations=618 (full 495):
 PSYoungGen      total 81408K, used 53757K [0x00000000f5580000, 0x00000000fc180000, 0x0000000100000000)
  eden space 53760K, 99% used [0x00000000f5580000,0x00000000f89ff620,0x00000000f8a00000)
  from space 27648K, 0% used [0x00000000f8a00000,0x00000000f8a00000,0x00000000fa500000)
  to   space 23552K, 0% used [0x00000000fa680000,0x00000000fa680000,0x00000000fbd80000)
 ParOldGen       total 349696K, used 349693K [0x00000000e0000000, 0x00000000f5580000, 0x00000000f5580000)
  object space 349696K, 99% used [0x00000000e0000000,0x00000000f557f760,0x00000000f5580000)
 Metaspace       used 61291K, committed 62208K, reserved 1105920K
  class space    used 5993K, committed 6400K, reserved 1048576K
}
Event: 838.299 GC heap before
{Heap before GC invocations=619 (full 496):
 PSYoungGen      total 81408K, used 53760K [0x00000000f5580000, 0x00000000fc180000, 0x0000000100000000)
  eden space 53760K, 100% used [0x00000000f5580000,0x00000000f8a00000,0x00000000f8a00000)
  from space 27648K, 0% used [0x00000000f8a00000,0x00000000f8a00000,0x00000000fa500000)
  to   space 23552K, 0% used [0x00000000fa680000,0x00000000fa680000,0x00000000fbd80000)
 ParOldGen       total 349696K, used 349693K [0x00000000e0000000, 0x00000000f5580000, 0x00000000f5580000)
  object space 349696K, 99% used [0x00000000e0000000,0x00000000f557f760,0x00000000f5580000)
 Metaspace       used 61291K, committed 62208K, reserved 1105920K
  class space    used 5993K, committed 6400K, reserved 1048576K
}
Event: 839.922 GC heap after
{Heap after GC invocations=619 (full 496):
 PSYoungGen      total 77312K, used 53758K [0x00000000f5580000, 0x00000000fc180000, 0x0000000100000000)
  eden space 53760K, 99% used [0x00000000f5580000,0x00000000f89ffa68,0x00000000f8a00000)
  from space 23552K, 0% used [0x00000000fa680000,0x00000000fa680000,0x00000000fbd80000)
  to   space 27648K, 0% used [0x00000000f8a00000,0x00000000f8a00000,0x00000000fa500000)
 ParOldGen       total 349696K, used 349693K [0x00000000e0000000, 0x00000000f5580000, 0x00000000f5580000)
  object space 349696K, 99% used [0x00000000e0000000,0x00000000f557f760,0x00000000f5580000)
 Metaspace       used 61291K, committed 62208K, reserved 1105920K
  class space    used 5993K, committed 6400K, reserved 1048576K
}
Event: 839.923 GC heap before
{Heap before GC invocations=620 (full 497):
 PSYoungGen      total 77312K, used 53759K [0x00000000f5580000, 0x00000000fc180000, 0x0000000100000000)
  eden space 53760K, 99% used [0x00000000f5580000,0x00000000f89ffff8,0x00000000f8a00000)
  from space 23552K, 0% used [0x00000000fa680000,0x00000000fa680000,0x00000000fbd80000)
  to   space 27648K, 0% used [0x00000000f8a00000,0x00000000f8a00000,0x00000000fa500000)
 ParOldGen       total 349696K, used 349693K [0x00000000e0000000, 0x00000000f5580000, 0x00000000f5580000)
  object space 349696K, 99% used [0x00000000e0000000,0x00000000f557f760,0x00000000f5580000)
 Metaspace       used 61291K, committed 62208K, reserved 1105920K
  class space    used 5993K, committed 6400K, reserved 1048576K
}
Event: 841.392 GC heap after
{Heap after GC invocations=620 (full 497):
 PSYoungGen      total 81408K, used 53759K [0x00000000f5580000, 0x00000000fc180000, 0x0000000100000000)
  eden space 53760K, 99% used [0x00000000f5580000,0x00000000f89ffc98,0x00000000f8a00000)
  from space 27648K, 0% used [0x00000000f8a00000,0x00000000f8a00000,0x00000000fa500000)
  to   space 23552K, 0% used [0x00000000fa680000,0x00000000fa680000,0x00000000fbd80000)
 ParOldGen       total 349696K, used 349693K [0x00000000e0000000, 0x00000000f5580000, 0x00000000f5580000)
  object space 349696K, 99% used [0x00000000e0000000,0x00000000f557f708,0x00000000f5580000)
 Metaspace       used 61291K, committed 62208K, reserved 1105920K
  class space    used 5993K, committed 6400K, reserved 1048576K
}
Event: 841.393 GC heap before
{Heap before GC invocations=621 (full 498):
 PSYoungGen      total 81408K, used 53759K [0x00000000f5580000, 0x00000000fc180000, 0x0000000100000000)
  eden space 53760K, 99% used [0x00000000f5580000,0x00000000f89ffec0,0x00000000f8a00000)
  from space 27648K, 0% used [0x00000000f8a00000,0x00000000f8a00000,0x00000000fa500000)
  to   space 23552K, 0% used [0x00000000fa680000,0x00000000fa680000,0x00000000fbd80000)
 ParOldGen       total 349696K, used 349693K [0x00000000e0000000, 0x00000000f5580000, 0x00000000f5580000)
  object space 349696K, 99% used [0x00000000e0000000,0x00000000f557f708,0x00000000f5580000)
 Metaspace       used 61291K, committed 62208K, reserved 1105920K
  class space    used 5993K, committed 6400K, reserved 1048576K
}
Event: 842.884 GC heap after
{Heap after GC invocations=621 (full 498):
 PSYoungGen      total 77312K, used 53759K [0x00000000f5580000, 0x00000000fc180000, 0x0000000100000000)
  eden space 53760K, 99% used [0x00000000f5580000,0x00000000f89ffe40,0x00000000f8a00000)
  from space 23552K, 0% used [0x00000000fa680000,0x00000000fa680000,0x00000000fbd80000)
  to   space 27648K, 0% used [0x00000000f8a00000,0x00000000f8a00000,0x00000000fa500000)
 ParOldGen       total 349696K, used 349693K [0x00000000e0000000, 0x00000000f5580000, 0x00000000f5580000)
  object space 349696K, 99% used [0x00000000e0000000,0x00000000f557f708,0x00000000f5580000)
 Metaspace       used 61291K, committed 62208K, reserved 1105920K
  class space    used 5993K, committed 6400K, reserved 1048576K
}
Event: 842.884 GC heap before
{Heap before GC invocations=622 (full 499):
 PSYoungGen      total 77312K, used 53760K [0x00000000f5580000, 0x00000000fc180000, 0x0000000100000000)
  eden space 53760K, 100% used [0x00000000f5580000,0x00000000f8a00000,0x00000000f8a00000)
  from space 23552K, 0% used [0x00000000fa680000,0x00000000fa680000,0x00000000fbd80000)
  to   space 27648K, 0% used [0x00000000f8a00000,0x00000000f8a00000,0x00000000fa500000)
 ParOldGen       total 349696K, used 349695K [0x00000000e0000000, 0x00000000f5580000, 0x00000000f5580000)
  object space 349696K, 99% used [0x00000000e0000000,0x00000000f557ffd8,0x00000000f5580000)
 Metaspace       used 61291K, committed 62208K, reserved 1105920K
  class space    used 5993K, committed 6400K, reserved 1048576K
}
Event: 844.468 GC heap after
{Heap after GC invocations=622 (full 499):
 PSYoungGen      total 81408K, used 53759K [0x00000000f5580000, 0x00000000fc180000, 0x0000000100000000)
  eden space 53760K, 99% used [0x00000000f5580000,0x00000000f89ffcc8,0x00000000f8a00000)
  from space 27648K, 0% used [0x00000000f8a00000,0x00000000f8a00000,0x00000000fa500000)
  to   space 23552K, 0% used [0x00000000fa680000,0x00000000fa680000,0x00000000fbd80000)
 ParOldGen       total 349696K, used 349694K [0x00000000e0000000, 0x00000000f5580000, 0x00000000f5580000)
  object space 349696K, 99% used [0x00000000e0000000,0x00000000f557fb18,0x00000000f5580000)
 Metaspace       used 61291K, committed 62208K, reserved 1105920K
  class space    used 5993K, committed 6400K, reserved 1048576K
}
Event: 844.468 GC heap before
{Heap before GC invocations=623 (full 500):
 PSYoungGen      total 81408K, used 53759K [0x00000000f5580000, 0x00000000fc180000, 0x0000000100000000)
  eden space 53760K, 99% used [0x00000000f5580000,0x00000000f89ffff8,0x00000000f8a00000)
  from space 27648K, 0% used [0x00000000f8a00000,0x00000000f8a00000,0x00000000fa500000)
  to   space 23552K, 0% used [0x00000000fa680000,0x00000000fa680000,0x00000000fbd80000)
 ParOldGen       total 349696K, used 349694K [0x00000000e0000000, 0x00000000f5580000, 0x00000000f5580000)
  object space 349696K, 99% used [0x00000000e0000000,0x00000000f557fb18,0x00000000f5580000)
 Metaspace       used 61292K, committed 62208K, reserved 1105920K
  class space    used 5994K, committed 6400K, reserved 1048576K
}
Event: 845.982 GC heap after
{Heap after GC invocations=623 (full 500):
 PSYoungGen      total 77312K, used 53759K [0x00000000f5580000, 0x00000000fc180000, 0x0000000100000000)
  eden space 53760K, 99% used [0x00000000f5580000,0x00000000f89ffda0,0x00000000f8a00000)
  from space 23552K, 0% used [0x00000000fa680000,0x00000000fa680000,0x00000000fbd80000)
  to   space 27648K, 0% used [0x00000000f8a00000,0x00000000f8a00000,0x00000000fa500000)
 ParOldGen       total 349696K, used 349694K [0x00000000e0000000, 0x00000000f5580000, 0x00000000f5580000)
  object space 349696K, 99% used [0x00000000e0000000,0x00000000f557fb18,0x00000000f5580000)
 Metaspace       used 61292K, committed 62208K, reserved 1105920K
  class space    used 5994K, committed 6400K, reserved 1048576K
}
Event: 845.982 GC heap before
{Heap before GC invocations=624 (full 501):
 PSYoungGen      total 77312K, used 53760K [0x00000000f5580000, 0x00000000fc180000, 0x0000000100000000)
  eden space 53760K, 100% used [0x00000000f5580000,0x00000000f8a00000,0x00000000f8a00000)
  from space 23552K, 0% used [0x00000000fa680000,0x00000000fa680000,0x00000000fbd80000)
  to   space 27648K, 0% used [0x00000000f8a00000,0x00000000f8a00000,0x00000000fa500000)
 ParOldGen       total 349696K, used 349694K [0x00000000e0000000, 0x00000000f5580000, 0x00000000f5580000)
  object space 349696K, 99% used [0x00000000e0000000,0x00000000f557fb18,0x00000000f5580000)
 Metaspace       used 61292K, committed 62208K, reserved 1105920K
  class space    used 5994K, committed 6400K, reserved 1048576K
}
Event: 847.392 GC heap after
{Heap after GC invocations=624 (full 501):
 PSYoungGen      total 81408K, used 53759K [0x00000000f5580000, 0x00000000fc180000, 0x0000000100000000)
  eden space 53760K, 99% used [0x00000000f5580000,0x00000000f89ffdc0,0x00000000f8a00000)
  from space 27648K, 0% used [0x00000000f8a00000,0x00000000f8a00000,0x00000000fa500000)
  to   space 23552K, 0% used [0x00000000fa680000,0x00000000fa680000,0x00000000fbd80000)
 ParOldGen       total 349696K, used 349694K [0x00000000e0000000, 0x00000000f5580000, 0x00000000f5580000)
  object space 349696K, 99% used [0x00000000e0000000,0x00000000f557fb18,0x00000000f5580000)
 Metaspace       used 61292K, committed 62208K, reserved 1105920K
  class space    used 5994K, committed 6400K, reserved 1048576K
}
Event: 847.393 GC heap before
{Heap before GC invocations=625 (full 502):
 PSYoungGen      total 81408K, used 53759K [0x00000000f5580000, 0x00000000fc180000, 0x0000000100000000)
  eden space 53760K, 99% used [0x00000000f5580000,0x00000000f89ffe08,0x00000000f8a00000)
  from space 27648K, 0% used [0x00000000f8a00000,0x00000000f8a00000,0x00000000fa500000)
  to   space 23552K, 0% used [0x00000000fa680000,0x00000000fa680000,0x00000000fbd80000)
 ParOldGen       total 349696K, used 349694K [0x00000000e0000000, 0x00000000f5580000, 0x00000000f5580000)
  object space 349696K, 99% used [0x00000000e0000000,0x00000000f557fb18,0x00000000f5580000)
 Metaspace       used 61292K, committed 62208K, reserved 1105920K
  class space    used 5994K, committed 6400K, reserved 1048576K
}
Event: 848.952 GC heap after
{Heap after GC invocations=625 (full 502):
 PSYoungGen      total 77312K, used 53759K [0x00000000f5580000, 0x00000000fc180000, 0x0000000100000000)
  eden space 53760K, 99% used [0x00000000f5580000,0x00000000f89ffdd8,0x00000000f8a00000)
  from space 23552K, 0% used [0x00000000fa680000,0x00000000fa680000,0x00000000fbd80000)
  to   space 27648K, 0% used [0x00000000f8a00000,0x00000000f8a00000,0x00000000fa500000)
 ParOldGen       total 349696K, used 349694K [0x00000000e0000000, 0x00000000f5580000, 0x00000000f5580000)
  object space 349696K, 99% used [0x00000000e0000000,0x00000000f557fb18,0x00000000f5580000)
 Metaspace       used 61292K, committed 62208K, reserved 1105920K
  class space    used 5994K, committed 6400K, reserved 1048576K
}
Event: 848.952 GC heap before
{Heap before GC invocations=626 (full 503):
 PSYoungGen      total 77312K, used 53759K [0x00000000f5580000, 0x00000000fc180000, 0x0000000100000000)
  eden space 53760K, 99% used [0x00000000f5580000,0x00000000f89ffdd8,0x00000000f8a00000)
  from space 23552K, 0% used [0x00000000fa680000,0x00000000fa680000,0x00000000fbd80000)
  to   space 27648K, 0% used [0x00000000f8a00000,0x00000000f8a00000,0x00000000fa500000)
 ParOldGen       total 349696K, used 349694K [0x00000000e0000000, 0x00000000f5580000, 0x00000000f5580000)
  object space 349696K, 99% used [0x00000000e0000000,0x00000000f557fb18,0x00000000f5580000)
 Metaspace       used 61292K, committed 62208K, reserved 1105920K
  class space    used 5994K, committed 6400K, reserved 1048576K
}
Event: 850.374 GC heap after
{Heap after GC invocations=626 (full 503):
 PSYoungGen      total 81408K, used 53759K [0x00000000f5580000, 0x00000000fc180000, 0x0000000100000000)
  eden space 53760K, 99% used [0x00000000f5580000,0x00000000f89ffdd8,0x00000000f8a00000)
  from space 27648K, 0% used [0x00000000f8a00000,0x00000000f8a00000,0x00000000fa500000)
  to   space 23552K, 0% used [0x00000000fa680000,0x00000000fa680000,0x00000000fbd80000)
 ParOldGen       total 349696K, used 349694K [0x00000000e0000000, 0x00000000f5580000, 0x00000000f5580000)
  object space 349696K, 99% used [0x00000000e0000000,0x00000000f557fb18,0x00000000f5580000)
 Metaspace       used 61292K, committed 62208K, reserved 1105920K
  class space    used 5994K, committed 6400K, reserved 1048576K
}

